#
# There is insufficient memory for the Java Runtime Environment to continue.
# Native memory allocation (mmap) failed to map 130023424 bytes. Error detail: G1 virtual space
# Possible reasons:
#   The system is out of physical RAM or swap space
#   This process is running with CompressedOops enabled, and the Java Heap may be blocking the growth of the native heap
# Possible solutions:
#   Reduce memory load on the system
#   Increase physical memory or swap space
#   Check if swap backing store is full
#   Decrease Java heap size (-Xmx/-Xms)
#   Decrease number of Java threads
#   Decrease Java thread stack sizes (-Xss)
#   Set larger code cache with -XX:ReservedCodeCacheSize=
#   JVM is running with Unscaled Compressed Oops mode in which the Java heap is
#     placed in the first 4GB address space. The Java Heap base address is the
#     maximum limit for the native heap growth. Please use -XX:HeapBaseMinAddress
#     to set the Java Heap base and to place the Java Heap above 4GB virtual address.
# This output file may be truncated or incomplete.
#
#  Out of Memory Error (os_windows.cpp:3631), pid=14316, tid=17612
#
# JRE version:  (22.0.2+9) (build )
# Java VM: Java HotSpot(TM) 64-Bit Server VM (22.0.2+9-70, mixed mode, sharing, tiered, compressed oops, compressed class ptrs, g1 gc, windows-amd64)
# No core dump will be written. Minidumps are not enabled by default on client versions of Windows
#

---------------  S U M M A R Y ------------

Command Line: -Dfile.encoding=UTF-8 --module-path=C:\Users\handa\OneDrive\Dokumen\NetBeansProjects\TwentyNine\build\classes gui.FormUtama

Host: 12th Gen Intel(R) Core(TM) i5-1235U, 12 cores, 7G,  Windows 11 , 64 bit Build 26100 (10.0.26100.3912)
Time: Fri May 16 20:59:37 2025 SE Asia Standard Time elapsed time: 2.033745 seconds (0d 0h 0m 2s)

---------------  T H R E A D  ---------------

Current thread (0x000002b632e9f4b0):  JavaThread "Unknown thread" [_thread_in_vm, id=17612, stack(0x000000ff9b200000,0x000000ff9b300000) (1024K)]

Stack: [0x000000ff9b200000,0x000000ff9b300000]
Native frames: (J=compiled Java code, j=interpreted, Vv=VM code, C=native code)
V  [jvm.dll+0x6e26e9]  (no source info available)
V  [jvm.dll+0x875753]  (no source info available)
V  [jvm.dll+0x877b7e]  (no source info available)
V  [jvm.dll+0x878253]  (no source info available)
V  [jvm.dll+0x27fc86]  (no source info available)
V  [jvm.dll+0x6ded85]  (no source info available)
V  [jvm.dll+0x6d388a]  (no source info available)
V  [jvm.dll+0x358b8a]  (no source info available)
V  [jvm.dll+0x3610b6]  (no source info available)
V  [jvm.dll+0x3b419e]  (no source info available)
V  [jvm.dll+0x3b4448]  (no source info available)
V  [jvm.dll+0x32c5ec]  (no source info available)
V  [jvm.dll+0x32d258]  (no source info available)
V  [jvm.dll+0x83d5ac]  (no source info available)
V  [jvm.dll+0x3c10d1]  (no source info available)
V  [jvm.dll+0x8264cc]  (no source info available)
V  [jvm.dll+0x45bd5e]  (no source info available)
V  [jvm.dll+0x45dbe1]  (no source info available)
C  [jli.dll+0x52a3]  (no source info available)
C  [ucrtbase.dll+0x37b0]  (no source info available)
C  [KERNEL32.DLL+0x2e8d7]  (no source info available)
C  [ntdll.dll+0x9c5dc]  (no source info available)


---------------  P R O C E S S  ---------------

Threads class SMR info:
_java_thread_list=0x00007ffa607fc1c8, length=0, elements={
}

Java Threads: ( => current thread )
Total: 0

Other Threads:
  0x000002b632ef2420 WorkerThread "GC Thread#0"                     [id=19576, stack(0x000000ff9b300000,0x000000ff9b400000) (1024K)]
  0x000002b632f02a50 ConcurrentGCThread "G1 Main Marker"            [id=7852, stack(0x000000ff9b400000,0x000000ff9b500000) (1024K)]
  0x000002b632f04480 WorkerThread "G1 Conc#0"                       [id=1744, stack(0x000000ff9b500000,0x000000ff9b600000) (1024K)]

[error occurred during error reporting (printing all threads), id 0xc0000005, EXCEPTION_ACCESS_VIOLATION (0xc0000005) at pc=0x00007ffa5ff4f517]
VM state: not at safepoint (not fully initialized)

VM Mutex/Monitor currently owned by a thread:  ([mutex/lock_event])
[0x00007ffa6087cc80] Heap_lock - owner thread: 0x000002b632e9f4b0

Heap address: 0x0000000084e00000, size: 1970 MB, Compressed Oops mode: 32-bit

CDS archive(s) mapped at: [0x0000000000000000-0x0000000000000000-0x0000000000000000), size 0, SharedBaseAddress: 0x0000000800000000, ArchiveRelocationMode: 1.
Narrow klass base: 0x0000000000000000, Narrow klass shift: 0, Narrow klass range: 0x0

GC Precious Log:
 CardTable entry size: 512
 Card Set container configuration: InlinePtr #cards 5 size 8 Array Of Cards #cards 12 size 40 Howl #buckets 4 coarsen threshold 1843 Howl Bitmap #cards 512 size 80 coarsen threshold 460 Card regions per heap region 1 cards per card region 2048

Heap:
 garbage-first heap   total reserved 2017280K, committed 0K, used 0K [0x0000000084e00000, 0x0000000100000000)
  region size 1024K, 0 young (0K), 0 survivors (0K)

[error occurred during error reporting (printing heap information), id 0xc0000005, EXCEPTION_ACCESS_VIOLATION (0xc0000005) at pc=0x00007ffa6034e869]
GC Heap History (0 events):
No events

Dll operation events (1 events):
Event: 0.018 Loaded shared library C:\Program Files\Java\jdk-22\bin\java.dll

Deoptimization events (0 events):
No events

Classes loaded (0 events):
No events

Classes unloaded (0 events):
No events

Classes redefined (0 events):
No events

Internal exceptions (0 events):
No events

ZGC Phase Switch (0 events):
No events

VM Operations (0 events):
No events

Memory protections (0 events):
No events

Nmethod flushes (0 events):
No events

Events (0 events):
No events


Dynamic libraries:
0x00007ff614370000 - 0x00007ff614380000 	C:\Program Files\Java\jdk-22\bin\java.exe
0x00007ffb004a0000 - 0x00007ffb00706000 	C:\WINDOWS\SYSTEM32\ntdll.dll
0x00007ffaff8a0000 - 0x00007ffaff969000 	C:\WINDOWS\System32\KERNEL32.DLL
0x00007ffafd990000 - 0x00007ffafdd5c000 	C:\WINDOWS\System32\KERNELBASE.dll
0x00007ffafdd60000 - 0x00007ffafdeab000 	C:\WINDOWS\System32\ucrtbase.dll
0x00007ffaf7270000 - 0x00007ffaf7287000 	C:\Program Files\Java\jdk-22\bin\jli.dll
0x00007ffaf9ba0000 - 0x00007ffaf9bbb000 	C:\Program Files\Java\jdk-22\bin\VCRUNTIME140.dll
0x00007ffafead0000 - 0x00007ffafec9a000 	C:\WINDOWS\System32\USER32.dll
0x00007ffae3090000 - 0x00007ffae332a000 	C:\WINDOWS\WinSxS\amd64_microsoft.windows.common-controls_6595b64144ccf1df_6.0.26100.3912_none_3e07963ce335137e\COMCTL32.dll
0x00007ffafd8a0000 - 0x00007ffafd8c7000 	C:\WINDOWS\System32\win32u.dll
0x00007ffafe420000 - 0x00007ffafe4c9000 	C:\WINDOWS\System32\msvcrt.dll
0x00007ffafe6b0000 - 0x00007ffafe6db000 	C:\WINDOWS\System32\GDI32.dll
0x00007ffafd630000 - 0x00007ffafd762000 	C:\WINDOWS\System32\gdi32full.dll
0x00007ffafe1b0000 - 0x00007ffafe253000 	C:\WINDOWS\System32\msvcp_win.dll
0x00007ffaffa70000 - 0x00007ffaffaa0000 	C:\WINDOWS\System32\IMM32.DLL
0x00007ffaf9b90000 - 0x00007ffaf9b9c000 	C:\Program Files\Java\jdk-22\bin\vcruntime140_1.dll
0x00007ffab41d0000 - 0x00007ffab425e000 	C:\Program Files\Java\jdk-22\bin\msvcp140.dll
0x00007ffa5fc10000 - 0x00007ffa60959000 	C:\Program Files\Java\jdk-22\bin\server\jvm.dll
0x00007ffafe760000 - 0x00007ffafe812000 	C:\WINDOWS\System32\ADVAPI32.dll
0x00007ffaffe00000 - 0x00007ffaffea6000 	C:\WINDOWS\System32\sechost.dll
0x00007ffafe840000 - 0x00007ffafe956000 	C:\WINDOWS\System32\RPCRT4.dll
0x00007ffafe4d0000 - 0x00007ffafe544000 	C:\WINDOWS\System32\WS2_32.dll
0x00007ffae3b50000 - 0x00007ffae3b5b000 	C:\WINDOWS\SYSTEM32\VERSION.dll
0x00007ffaf32e0000 - 0x00007ffaf3316000 	C:\WINDOWS\SYSTEM32\WINMM.dll
0x00007ffafd4a0000 - 0x00007ffafd4fe000 	C:\WINDOWS\SYSTEM32\POWRPROF.dll
0x00007ffafd480000 - 0x00007ffafd494000 	C:\WINDOWS\SYSTEM32\UMPDC.dll
0x00007ffafc3f0000 - 0x00007ffafc40a000 	C:\WINDOWS\SYSTEM32\kernel.appcore.dll
0x00007ffaf9b80000 - 0x00007ffaf9b8a000 	C:\Program Files\Java\jdk-22\bin\jimage.dll
0x00007ffafafd0000 - 0x00007ffafb211000 	C:\WINDOWS\SYSTEM32\DBGHELP.DLL
0x00007ffaffeb0000 - 0x00007ffb00234000 	C:\WINDOWS\System32\combase.dll
0x00007ffaffd10000 - 0x00007ffaffdf0000 	C:\WINDOWS\System32\OLEAUT32.dll
0x00007ffacd9e0000 - 0x00007ffacda19000 	C:\WINDOWS\SYSTEM32\dbgcore.DLL
0x00007ffafd800000 - 0x00007ffafd899000 	C:\WINDOWS\System32\bcryptPrimitives.dll
0x00007ffaf72f0000 - 0x00007ffaf730e000 	C:\Program Files\Java\jdk-22\bin\java.dll
0x00007ffafeca0000 - 0x00007ffaff3cd000 	C:\WINDOWS\System32\SHELL32.dll
0x00007ffafe030000 - 0x00007ffafe1a4000 	C:\WINDOWS\System32\wintypes.dll
0x00007ffafe260000 - 0x00007ffafe3ff000 	C:\WINDOWS\System32\ole32.dll

dbghelp: loaded successfully - version: 4.0.5 - missing functions: none
symbol engine: initialized successfully - sym options: 0x614 - pdb path: .;C:\Program Files\Java\jdk-22\bin;C:\WINDOWS\SYSTEM32;C:\WINDOWS\WinSxS\amd64_microsoft.windows.common-controls_6595b64144ccf1df_6.0.26100.3912_none_3e07963ce335137e;C:\Program Files\Java\jdk-22\bin\server

VM Arguments:
jvm_args: -Dfile.encoding=UTF-8 --module-path=C:\Users\handa\OneDrive\Dokumen\NetBeansProjects\TwentyNine\build\classes 
java_command: gui.FormUtama
java_class_path (initial): C:\Users\handa\OneDrive\Dokumen\NetBeansProjects\TwentyNine\lib\JTattoo-1.6.13.jar;C:\Users\handa\OneDrive\Dokumen\NetBeansProjects\TwentyNine\lib\KControls.jar;C:\Users\handa\OneDrive\Dokumen\NetBeansProjects\TwentyNine\lib\activation-1.1.1.jar;C:\Users\handa\OneDrive\Dokumen\NetBeansProjects\TwentyNine\lib\commons-beanutils-1.8.2.jar;C:\Users\handa\OneDrive\Dokumen\NetBeansProjects\TwentyNine\lib\commons-collections-3.2.1.jar;C:\Users\handa\OneDrive\Dokumen\NetBeansProjects\TwentyNine\lib\commons-digester-2.1.jar;C:\Users\handa\OneDrive\Dokumen\NetBeansProjects\TwentyNine\lib\commons-javaflow-20060411.jar;C:\Users\handa\OneDrive\Dokumen\NetBeansProjects\TwentyNine\lib\commons-logging-1.1.jar;C:\Users\handa\OneDrive\Dokumen\NetBeansProjects\TwentyNine\lib\hamcrest-core-1.3.jar;C:\Users\handa\OneDrive\Dokumen\NetBeansProjects\TwentyNine\lib\jasperreports-5.0.0.jar;C:\Users\handa\OneDrive\Dokumen\NetBeansProjects\TwentyNine\lib\javax.activation.jar;C:\Users\handa\OneDrive\Dokumen\NetBeansProjects\TwentyNine\lib\javax.mail-1.6.2.jar;C:\Users\handa\OneDrive\Dokumen\NetBeansProjects\TwentyNine\lib\javax.mail.jar;C:\Users\handa\OneDrive\Dokumen\NetBeansProjects\TwentyNine\lib\javax.mail.jar.zip;C:\Users\handa\OneDrive\Dokumen\NetBeansProjects\TwentyNine\lib\jcalendar-1.4.jar;C:\Users\handa\OneDrive\Dokumen\NetBeansProjects\TwentyNine\lib\jcommon-1.0.23.jar;C:\Users\handa\OneDrive\Dokumen\NetBeansProjects\TwentyNine\lib\jfreechart-1.0.19-experimental.jar;C:\Users\handa\OneDrive\Dokumen\NetBeansProjects\TwentyNine\lib\jfreechart-1.0.19-swt.jar;C:\Users\handa\OneDrive\Dokumen\NetBeansProjects\TwentyNine\lib\jfreechart-1.0.19.jar;C:\Users\handa\OneDrive\Dokumen\NetBeansProjects\TwentyNine\lib\jfreesvg-2.0.jar;C:\Users\handa\OneDrive\Dokumen\NetBeansProjects\TwentyNine\lib\junit-4.11.jar;C:\Users\handa\OneDrive\Dokumen\NetBeansProjects\TwentyNine\lib\mail.jar;C:\Users\handa\OneDrive\Dokumen\NetBeansProjects\TwentyNine\lib\mysql-connector-j-9.1.0.jar;C:\Users\handa\OneDrive\Dokumen\NetBeansProjects\TwentyNine\lib\orsoncharts-1.4-eval-nofx.jar;C:\Users\handa\OneDrive\Dokumen\NetBeansProjects\TwentyNine\lib\orsonpdf-1.6-eval.jar;C:\Users\handa\OneDrive\Dokumen\NetBeansProjects\TwentyNine\lib\CopyLibs\org-netbeans-modules-java-j2seproject-copylibstask.jar;C:\Users\handa\OneDrive\Dokumen\NetBeansProjects\TwentyNine\lib\absolutelayout\AbsoluteLayout.jar;C:\Users\handa\Downloads\Compressed\LIBRARY[1]\LIBRARY\barcode.jar;C:\Users\handa\Downloads\Compressed\LIBRARY[1]\LIBRARY\qrgen-1.0.jar;C:\Users\handa\Downloads\Compressed\LIBRARY[1]\LIBRARY\zxing-core-1.7.jar;C:\Users\handa\Downloads\Compressed\LIBRARY[1]\LIBRARY\zxing-j2se-1.7.jar;C:\Users\handa\Downloads\flatlaf-3.6.jar;C:\Users\handa\Downloads\flatlaf-intellij-themes-3.6.jar;C:\Users\handa\OneDrive\Dokumen\NetBeansProjects\TwentyNine\build\classes
Launcher Type: SUN_STANDARD

[Global flags]
     intx CICompilerCount                          = 4                                         {product} {ergonomic}
     uint ConcGCThreads                            = 3                                         {product} {ergonomic}
     uint G1ConcRefinementThreads                  = 10                                        {product} {ergonomic}
   size_t G1HeapRegionSize                         = 1048576                                   {product} {ergonomic}
   size_t InitialHeapSize                          = 130023424                                 {product} {ergonomic}
   size_t MarkStackSize                            = 4194304                                   {product} {ergonomic}
   size_t MaxHeapSize                              = 2065694720                                {product} {ergonomic}
   size_t MinHeapDeltaBytes                        = 1048576                                   {product} {ergonomic}
   size_t MinHeapSize                              = 8388608                                   {product} {ergonomic}
    uintx NonNMethodCodeHeapSize                   = 5839372                                {pd product} {ergonomic}
    uintx NonProfiledCodeHeapSize                  = 122909434                              {pd product} {ergonomic}
    uintx ProfiledCodeHeapSize                     = 122909434                              {pd product} {ergonomic}
    uintx ReservedCodeCacheSize                    = 251658240                              {pd product} {ergonomic}
     bool SegmentedCodeCache                       = true                                      {product} {ergonomic}
   size_t SoftMaxHeapSize                          = 2065694720                             {manageable} {ergonomic}
     bool UseCompressedOops                        = true                           {product lp64_product} {ergonomic}
     bool UseG1GC                                  = true                                      {product} {ergonomic}
     bool UseLargePagesIndividualAllocation        = false                                  {pd product} {ergonomic}

Logging:
Log output configuration:
 #0: stdout all=warning uptime,level,tags foldmultilines=false
 #1: stderr all=off uptime,level,tags foldmultilines=false

Environment Variables:
PATH=C:\Program Files\Common Files\Oracle\Java\javapath;C:\WINDOWS\system32;C:\WINDOWS;C:\WINDOWS\System32\Wbem;C:\WINDOWS\System32\WindowsPowerShell\v1.0\;C:\WINDOWS\System32\OpenSSH\;C:\Program Files\nodejs\;C:\Program Files\dotnet\;C:\Program Files\Git\cmd;C:\Users\handa\AppData\Local\Microsoft\WindowsApps;C:\Users\handa\AppData\Local\Programs\Microsoft VS Code\bin;C:\Users\handa\AppData\Roaming\npm
USERNAME=handa
OS=Windows_NT
PROCESSOR_IDENTIFIER=Intel64 Family 6 Model 154 Stepping 4, GenuineIntel
TMP=C:\Users\handa\AppData\Local\Temp
TEMP=C:\Users\handa\AppData\Local\Temp




Periodic native trim disabled

---------------  S Y S T E M  ---------------

OS:
 Windows 11 , 64 bit Build 26100 (10.0.26100.3912)
OS uptime: 2 days 5:44 hours

CPU: total 12 (initial active 12) (6 cores per cpu, 2 threads per core) family 6 model 154 stepping 4 microcode 0x432, cx8, cmov, fxsr, ht, mmx, 3dnowpref, sse, sse2, sse3, ssse3, sse4.1, sse4.2, popcnt, lzcnt, tsc, tscinvbit, avx, avx2, aes, erms, clmul, bmi1, bmi2, adx, sha, fma, vzeroupper, clflush, clflushopt, clwb, serialize, rdtscp, rdpid, fsrm, f16c, pku, cet_ibt, cet_ss
Processor Information for processor 0
  Max Mhz: 1300, Current Mhz: 1300, Mhz Limit: 1300
Processor Information for processor 1
  Max Mhz: 1300, Current Mhz: 1300, Mhz Limit: 1300
Processor Information for processor 2
  Max Mhz: 1300, Current Mhz: 1300, Mhz Limit: 1300
Processor Information for processor 3
  Max Mhz: 1300, Current Mhz: 1300, Mhz Limit: 1300
Processor Information for processor 4
  Max Mhz: 1300, Current Mhz: 900, Mhz Limit: 897
Processor Information for processor 5
  Max Mhz: 1300, Current Mhz: 900, Mhz Limit: 897
Processor Information for processor 6
  Max Mhz: 1300, Current Mhz: 900, Mhz Limit: 897
Processor Information for processor 7
  Max Mhz: 1300, Current Mhz: 900, Mhz Limit: 897
Processor Information for processor 8
  Max Mhz: 1300, Current Mhz: 900, Mhz Limit: 897
Processor Information for processor 9
  Max Mhz: 1300, Current Mhz: 900, Mhz Limit: 897
Processor Information for processor 10
  Max Mhz: 1300, Current Mhz: 900, Mhz Limit: 897
Processor Information for processor 11
  Max Mhz: 1300, Current Mhz: 900, Mhz Limit: 897

Memory: 4k page, system-wide physical 7877M (604M free)
TotalPageFile size 16069M (AvailPageFile size 139M)
current process WorkingSet (physical memory assigned to process): 13M, peak: 13M
current process commit charge ("private bytes"): 64M, peak: 188M

vm_info: Java HotSpot(TM) 64-Bit Server VM (22.0.2+9-70) for windows-amd64 JRE (22.0.2+9-70), built on 2024-06-04T16:52:23Z by "mach5one" with MS VC++ 17.6 (VS2022)

END.
